<?xml version="1.0" encoding="UTF-8"?>
<!-- Generated by org.testng.reporters.JUnitReportReporter -->
<testsuite skipped="0" hostname="Pavan" name="test.test2" tests="1" failures="0" timestamp="2020-07-05T20:07:52 IST" time="0.006" errors="0">
  <testcase name="ThridTest" time="0.006" classname="test.test2"/>
  <system-out/>
</testsuite> <!-- test.test2 -->
