<?xml version="1.0" encoding="UTF-8"?>
<!-- Generated by org.testng.reporters.JUnitReportReporter -->
<testsuite skipped="0" hostname="Pavan" name="test.test1" tests="2" failures="0" timestamp="2020-07-05T20:07:52 IST" time="0.020" errors="0">
  <testcase name="SecondTest" time="0.006" classname="test.test1"/>
  <system-out/>
  <testcase name="Demo" time="0.014" classname="test.test1"/>
  <system-out/>
</testsuite> <!-- test.test1 -->
